<?xml version="1.0" encoding="UTF-8"?>
<!-- Generated by org.testng.reporters.JUnitReportReporter -->
<testsuite hostname="LP010412" failures="0" tests="1" name="locators.login_page_testCases$Cases_test_case" time="16.390" errors="0" timestamp="2023-04-12T12:08:08 IST" skipped="0">
  <testcase classname="locators.login_page_testCases$Cases_test_case" name="verifyCasesAdvanceSearch" time="16.390"/>
  <system-out/>
</testsuite> <!-- locators.login_page_testCases$Cases_test_case -->
