<?xml version="1.0" encoding="UTF-8"?>
<!-- Generated by org.testng.reporters.JUnitReportReporter -->
<testsuite hostname="LP010412" failures="0" tests="1" name="testCases.login_page_testCases$Cases_test_case" time="12.512" errors="0" timestamp="2023-03-14T13:59:54 IST" skipped="0">
  <testcase classname="testCases.login_page_testCases$Cases_test_case" name="verifyCasesAdvanceSearch" time="12.512"/>
  <system-out/>
</testsuite> <!-- testCases.login_page_testCases$Cases_test_case -->
